<?xml version="1.0" encoding="UTF-8" ?>
<testsuite tests="8" failures="0" name="com.ncedu.groznova.simplewebtask.classifiers.IsPowerOfTwoTest" time="0" errors="0" skipped="0">
  <properties>
[...]
</properties>
  <testcase classname="com.ncedu.groznova.simplewebtask.classifiers.IsPowerOfTwoTest" name="test[0]" time="0"/>
  <testcase classname="com.ncedu.groznova.simplewebtask.classifiers.IsPowerOfTwoTest" name="test[1]" time="0"/>
  <testcase classname="com.ncedu.groznova.simplewebtask.classifiers.IsPowerOfTwoTest" name="test[2]" time="0"/>
  <testcase classname="com.ncedu.groznova.simplewebtask.classifiers.IsPowerOfTwoTest" name="test[3]" time="0"/>
  <testcase classname="com.ncedu.groznova.simplewebtask.classifiers.IsPowerOfTwoTest" name="test[4]" time="0"/>
  <testcase classname="com.ncedu.groznova.simplewebtask.classifiers.IsPowerOfTwoTest" name="test[5]" time="0"/>
  <testcase classname="com.ncedu.groznova.simplewebtask.classifiers.IsPowerOfTwoTest" name="test[6]" time="0"/>
  <testcase classname="com.ncedu.groznova.simplewebtask.classifiers.IsPowerOfTwoTest" name="test[7]" time="0"/>
</testsuite>